[10-Dec-2018 22:46:19] NOTICE: fpm is running, pid 16
[10-Dec-2018 22:46:19] NOTICE: ready to handle connections
[11-Dec-2018 01:41:30] NOTICE: Terminating ...
[11-Dec-2018 01:41:30] NOTICE: exiting, bye-bye!
[12-Dec-2018 20:41:49] NOTICE: fpm is running, pid 61
[12-Dec-2018 20:41:49] NOTICE: ready to handle connections
[12-Dec-2018 22:58:24] NOTICE: fpm is running, pid 26
[12-Dec-2018 22:58:24] NOTICE: ready to handle connections
[13-Dec-2018 23:27:28] NOTICE: fpm is running, pid 57
[13-Dec-2018 23:27:28] NOTICE: ready to handle connections
[13-Dec-2018 23:36:43] NOTICE: Terminating ...
[13-Dec-2018 23:36:43] NOTICE: exiting, bye-bye!
[14-Dec-2018 22:42:36] NOTICE: fpm is running, pid 69
[14-Dec-2018 22:42:36] NOTICE: ready to handle connections
[14-Dec-2018 22:51:17] NOTICE: Terminating ...
[14-Dec-2018 22:51:17] NOTICE: exiting, bye-bye!
[17-Dec-2018 00:42:12] NOTICE: fpm is running, pid 114
[17-Dec-2018 00:42:12] NOTICE: ready to handle connections
[19-Dec-2018 22:59:34] NOTICE: fpm is running, pid 64
[19-Dec-2018 22:59:35] NOTICE: ready to handle connections
[20-Dec-2018 00:40:40] NOTICE: Terminating ...
[20-Dec-2018 00:40:40] NOTICE: exiting, bye-bye!
[21-Dec-2018 21:07:39] NOTICE: fpm is running, pid 58
[21-Dec-2018 21:07:39] NOTICE: ready to handle connections
[22-Dec-2018 09:10:12] NOTICE: Terminating ...
[22-Dec-2018 09:10:12] NOTICE: exiting, bye-bye!
[22-Dec-2018 23:04:57] NOTICE: fpm is running, pid 57
[22-Dec-2018 23:04:57] NOTICE: ready to handle connections
[23-Dec-2018 01:05:41] NOTICE: Terminating ...
[23-Dec-2018 01:05:41] NOTICE: exiting, bye-bye!
[23-Dec-2018 01:05:52] NOTICE: fpm is running, pid 52
[23-Dec-2018 01:05:52] NOTICE: ready to handle connections
[23-Dec-2018 01:06:04] NOTICE: Terminating ...
[23-Dec-2018 01:06:04] NOTICE: exiting, bye-bye!
[23-Dec-2018 01:06:16] NOTICE: fpm is running, pid 52
[23-Dec-2018 01:06:16] NOTICE: ready to handle connections
[24-Dec-2018 04:07:28] NOTICE: Terminating ...
[24-Dec-2018 04:07:28] NOTICE: exiting, bye-bye!
[26-Dec-2018 20:00:48] NOTICE: fpm is running, pid 84
[26-Dec-2018 20:00:48] NOTICE: ready to handle connections
[28-Dec-2018 03:01:55] NOTICE: Terminating ...
[28-Dec-2018 03:01:55] NOTICE: exiting, bye-bye!
[28-Dec-2018 18:55:52] NOTICE: fpm is running, pid 60
[28-Dec-2018 18:55:52] NOTICE: ready to handle connections
[28-Dec-2018 20:34:39] WARNING: [pool www] server reached pm.max_children setting (5), consider raising it
[29-Dec-2018 02:13:45] NOTICE: Terminating ...
[29-Dec-2018 02:13:45] NOTICE: exiting, bye-bye!
[29-Dec-2018 21:09:23] NOTICE: fpm is running, pid 62
[29-Dec-2018 21:09:23] NOTICE: ready to handle connections
[30-Dec-2018 02:59:03] NOTICE: Terminating ...
[30-Dec-2018 02:59:03] NOTICE: exiting, bye-bye!
[30-Dec-2018 17:26:07] NOTICE: fpm is running, pid 86
[30-Dec-2018 17:26:07] NOTICE: ready to handle connections
[30-Dec-2018 17:29:16] WARNING: [pool www] server reached pm.max_children setting (5), consider raising it
[30-Dec-2018 23:57:00] NOTICE: Terminating ...
[30-Dec-2018 23:57:00] NOTICE: exiting, bye-bye!
[31-Dec-2018 15:10:26] NOTICE: fpm is running, pid 60
[31-Dec-2018 15:10:26] NOTICE: ready to handle connections
[01-Jan-2019 04:01:17] NOTICE: Terminating ...
[01-Jan-2019 04:01:17] NOTICE: exiting, bye-bye!
[01-Jan-2019 17:04:11] NOTICE: fpm is running, pid 57
[01-Jan-2019 17:04:11] NOTICE: ready to handle connections
[01-Jan-2019 22:27:54] NOTICE: Terminating ...
[01-Jan-2019 22:27:54] NOTICE: exiting, bye-bye!
[01-Jan-2019 22:28:04] NOTICE: fpm is running, pid 55
[01-Jan-2019 22:28:04] NOTICE: ready to handle connections
[01-Jan-2019 22:42:44] WARNING: [pool www] server reached pm.max_children setting (5), consider raising it
[02-Jan-2019 17:13:39] NOTICE: fpm is running, pid 63
[02-Jan-2019 17:13:39] NOTICE: ready to handle connections
[03-Jan-2019 17:09:11] NOTICE: fpm is running, pid 60
[03-Jan-2019 17:09:11] NOTICE: ready to handle connections
[03-Jan-2019 22:37:19] NOTICE: Terminating ...
[03-Jan-2019 22:37:19] NOTICE: exiting, bye-bye!
[05-Jan-2019 01:02:44] NOTICE: fpm is running, pid 58
[05-Jan-2019 01:02:44] NOTICE: ready to handle connections
[05-Jan-2019 01:17:01] NOTICE: Terminating ...
[05-Jan-2019 01:17:01] NOTICE: exiting, bye-bye!
[07-Jan-2019 16:28:53] NOTICE: fpm is running, pid 59
[07-Jan-2019 16:28:53] NOTICE: ready to handle connections
[07-Jan-2019 18:46:53] NOTICE: Terminating ...
[07-Jan-2019 18:46:53] NOTICE: exiting, bye-bye!
[10-Jan-2019 16:42:44] NOTICE: fpm is running, pid 61
[10-Jan-2019 16:42:44] NOTICE: ready to handle connections
[10-Jan-2019 16:59:53] WARNING: [pool www] server reached pm.max_children setting (5), consider raising it
[10-Jan-2019 19:18:12] WARNING: [pool www] server reached pm.max_children setting (5), consider raising it
[10-Jan-2019 20:23:00] NOTICE: Terminating ...
[10-Jan-2019 20:23:00] NOTICE: exiting, bye-bye!
[11-Jan-2019 18:02:12] NOTICE: fpm is running, pid 60
[11-Jan-2019 18:02:12] NOTICE: ready to handle connections
[11-Jan-2019 20:12:17] NOTICE: Terminating ...
[11-Jan-2019 20:12:17] NOTICE: exiting, bye-bye!
[11-Jan-2019 23:49:27] NOTICE: fpm is running, pid 62
[11-Jan-2019 23:49:28] NOTICE: ready to handle connections
[12-Jan-2019 02:45:55] NOTICE: Terminating ...
[12-Jan-2019 02:45:55] NOTICE: exiting, bye-bye!
[12-Jan-2019 23:35:54] NOTICE: fpm is running, pid 58
[12-Jan-2019 23:35:54] NOTICE: ready to handle connections
[13-Jan-2019 04:11:00] NOTICE: Terminating ...
[13-Jan-2019 04:11:00] NOTICE: exiting, bye-bye!
[13-Jan-2019 17:15:41] NOTICE: fpm is running, pid 66
[13-Jan-2019 17:15:41] NOTICE: ready to handle connections
[13-Jan-2019 18:20:52] NOTICE: fpm is running, pid 22
[13-Jan-2019 18:20:52] NOTICE: ready to handle connections
[14-Jan-2019 04:06:48] NOTICE: Terminating ...
[14-Jan-2019 04:06:48] NOTICE: exiting, bye-bye!
[14-Jan-2019 18:33:51] NOTICE: fpm is running, pid 60
[14-Jan-2019 18:33:51] NOTICE: ready to handle connections
