2018-12-10T22:46:20.214924Z 0 [Warning] TIMESTAMP with implicit DEFAULT value is deprecated. Please use --explicit_defaults_for_timestamp server option (see documentation for more details).
2018-12-10T22:46:20.215361Z 0 [Note] /usr/sbin/mysqld (mysqld 5.7.23) starting as process 29 ...
2018-12-10T22:46:20.231415Z 0 [Note] InnoDB: PUNCH HOLE support available
2018-12-10T22:46:20.232609Z 0 [Note] InnoDB: Mutexes and rw_locks use GCC atomic builtins
2018-12-10T22:46:20.233493Z 0 [Note] InnoDB: Uses event mutexes
2018-12-10T22:46:20.234623Z 0 [Note] InnoDB: GCC builtin __atomic_thread_fence() is used for memory barrier
2018-12-10T22:46:20.235501Z 0 [Note] InnoDB: Compressed tables use zlib 1.2.3
2018-12-10T22:46:20.236414Z 0 [Note] InnoDB: Using Linux native AIO
2018-12-10T22:46:20.237635Z 0 [Note] InnoDB: Number of pools: 1
2018-12-10T22:46:20.238476Z 0 [Note] InnoDB: Using CPU crc32 instructions
2018-12-10T22:46:20.240793Z 0 [Note] InnoDB: Initializing buffer pool, total size = 32M, instances = 1, chunk size = 32M
2018-12-10T22:46:20.247094Z 0 [Note] InnoDB: Completed initialization of buffer pool
2018-12-10T22:46:20.255456Z 0 [Note] InnoDB: If the mysqld execution user is authorized, page cleaner thread priority can be changed. See the man page of setpriority().
2018-12-10T22:46:20.308774Z 0 [Note] InnoDB: Highest supported file format is Barracuda.
2018-12-10T22:46:20.343276Z 0 [Note] InnoDB: Log scan progressed past the checkpoint lsn 2588963
2018-12-10T22:46:20.344491Z 0 [Note] InnoDB: Doing recovery: scanned up to log sequence number 2591784
2018-12-10T22:46:20.360429Z 0 [Note] InnoDB: Database was not shutdown normally!
2018-12-10T22:46:20.361659Z 0 [Note] InnoDB: Starting crash recovery.
2018-12-10T22:46:21.793906Z 0 [Note] InnoDB: Starting an apply batch of log records to the database...
InnoDB: Progress in percent: 27 28 29 30 31 32 33 34 35 36 37 38 39 40 41 42 43 44 45 46 47 48 49 50 51 52 53 54 55 56 57 58 59 60 61 62 63 64 65 66 67 68 69 70 71 72 73 74 75 76 77 78 79 80 81 82 83 84 85 86 87 88 89 90 91 92 93 94 95 96 97 98 99 
2018-12-10T22:46:22.402500Z 0 [Note] InnoDB: Apply batch completed
2018-12-10T22:46:22.506098Z 0 [Note] InnoDB: Removed temporary tablespace data file: "ibtmp1"
2018-12-10T22:46:22.506880Z 0 [Note] InnoDB: Creating shared tablespace for temporary tables
2018-12-10T22:46:22.507921Z 0 [Note] InnoDB: Setting file './ibtmp1' size to 12 MB. Physically writing the file full; Please wait ...
2018-12-10T22:46:22.576619Z 0 [Note] InnoDB: File './ibtmp1' size is now 12 MB.
2018-12-10T22:46:22.578867Z 0 [Note] InnoDB: 96 redo rollback segment(s) found. 96 redo rollback segment(s) are active.
2018-12-10T22:46:22.580240Z 0 [Note] InnoDB: 32 non-redo rollback segment(s) are active.
2018-12-10T22:46:22.581368Z 0 [Note] InnoDB: Waiting for purge to start
2018-12-10T22:46:22.632693Z 0 [Note] InnoDB: 5.7.23 started; log sequence number 2591784
2018-12-10T22:46:22.636059Z 0 [Note] Plugin 'FEDERATED' is disabled.
2018-12-10T22:46:22.654359Z 0 [Warning] Failed to set up SSL because of the following SSL library error: SSL context is not usable without certificate and private key
2018-12-10T22:46:22.674865Z 0 [Note] Server hostname (bind-address): '*'; port: 3306
2018-12-10T22:46:22.675858Z 0 [Note] IPv6 is available.
2018-12-10T22:46:22.676821Z 0 [Note]   - '::' resolves to '::';
2018-12-10T22:46:22.677522Z 0 [Note] Server socket created on IP: '::'.
2018-12-10T22:46:22.719553Z 0 [Warning] Insecure configuration for --pid-file: Location '/var/run/mysqld' in the path is accessible to all OS users. Consider choosing a different directory.
2018-12-10T22:46:22.784983Z 0 [Note] InnoDB: Loading buffer pool(s) from /var/lib/mysql/ib_buffer_pool
2018-12-10T22:46:22.880793Z 0 [ERROR] /usr/sbin/mysqld: Table './mysql/user' is marked as crashed and should be repaired
2018-12-10T22:46:22.885435Z 0 [Warning] Checking table:   './mysql/user'
2018-12-10T22:46:22.886179Z 0 [ERROR] 1 client is using or hasn't closed the table properly
2018-12-10T22:46:23.271768Z 0 [Warning] 'user' entry 'root@localhost' ignored in --skip-name-resolve mode.
2018-12-10T22:46:23.273380Z 0 [Warning] 'user' entry 'mysql.session@localhost' ignored in --skip-name-resolve mode.
2018-12-10T22:46:23.274746Z 0 [Warning] 'user' entry 'mysql.sys@localhost' ignored in --skip-name-resolve mode.
2018-12-10T22:46:23.276959Z 0 [Warning] 'db' entry 'performance_schema mysql.session@localhost' ignored in --skip-name-resolve mode.
2018-12-10T22:46:23.277649Z 0 [Warning] 'db' entry 'sys mysql.sys@localhost' ignored in --skip-name-resolve mode.
2018-12-10T22:46:23.278222Z 0 [Warning] 'proxies_priv' entry '@ root@localhost' ignored in --skip-name-resolve mode.
2018-12-10T22:46:23.296522Z 0 [Warning] 'tables_priv' entry 'user mysql.session@localhost' ignored in --skip-name-resolve mode.
2018-12-10T22:46:23.297619Z 0 [Warning] 'tables_priv' entry 'sys_config mysql.sys@localhost' ignored in --skip-name-resolve mode.
2018-12-10T22:46:23.324290Z 0 [Note] Event Scheduler: Loaded 0 events
2018-12-10T22:46:23.335260Z 0 [Note] /usr/sbin/mysqld: ready for connections.
Version: '5.7.23'  socket: '/var/run/mysqld/mysqld.sock'  port: 3306  MySQL Community Server (GPL)
2018-12-10T22:46:25.080453Z 0 [Note] InnoDB: Buffer pool(s) load completed at 181210 22:46:25
2018-12-10T22:47:54.886818Z 4 [ERROR] /usr/sbin/mysqld: Table './mysql/proc' is marked as crashed and should be repaired
2018-12-10T22:47:54.888270Z 4 [Warning] Checking table:   './mysql/proc'
2018-12-10T22:47:54.963199Z 6 [Warning] 'user' entry 'root@localhost' ignored in --skip-name-resolve mode.
2018-12-10T22:47:54.964392Z 6 [Warning] 'user' entry 'mysql.session@localhost' ignored in --skip-name-resolve mode.
2018-12-10T22:47:54.965201Z 6 [Warning] 'user' entry 'mysql.sys@localhost' ignored in --skip-name-resolve mode.
2018-12-10T22:47:54.966152Z 6 [Warning] 'db' entry 'performance_schema mysql.session@localhost' ignored in --skip-name-resolve mode.
2018-12-10T22:47:54.966712Z 6 [Warning] 'db' entry 'sys mysql.sys@localhost' ignored in --skip-name-resolve mode.
2018-12-10T22:47:54.967695Z 6 [Warning] 'proxies_priv' entry '@ root@localhost' ignored in --skip-name-resolve mode.
2018-12-10T22:47:54.969322Z 6 [Warning] 'tables_priv' entry 'user mysql.session@localhost' ignored in --skip-name-resolve mode.
2018-12-10T22:47:54.970784Z 6 [Warning] 'tables_priv' entry 'sys_config mysql.sys@localhost' ignored in --skip-name-resolve mode.
2018-12-11T01:41:29.506773Z 0 [Note] Giving 0 client threads a chance to die gracefully
2018-12-11T01:41:29.517382Z 0 [Note] Shutting down slave threads
2018-12-11T01:41:29.518117Z 0 [Note] Forcefully disconnecting 0 remaining clients
2018-12-11T01:41:29.519170Z 0 [Note] Event Scheduler: Purging the queue. 0 events
2018-12-11T01:41:29.520218Z 0 [Note] Binlog end
2018-12-11T01:41:29.524362Z 0 [Note] Shutting down plugin 'ngram'
2018-12-11T01:41:29.525567Z 0 [Note] Shutting down plugin 'partition'
2018-12-11T01:41:29.527074Z 0 [Note] Shutting down plugin 'BLACKHOLE'
2018-12-11T01:41:29.527993Z 0 [Note] Shutting down plugin 'ARCHIVE'
2018-12-11T01:41:29.528663Z 0 [Note] Shutting down plugin 'PERFORMANCE_SCHEMA'
2018-12-11T01:41:29.529874Z 0 [Note] Shutting down plugin 'MRG_MYISAM'
2018-12-11T01:41:29.530475Z 0 [Note] Shutting down plugin 'MyISAM'
2018-12-11T01:41:29.531305Z 0 [Note] Shutting down plugin 'INNODB_SYS_VIRTUAL'
2018-12-11T01:41:29.532186Z 0 [Note] Shutting down plugin 'INNODB_SYS_DATAFILES'
2018-12-11T01:41:29.532985Z 0 [Note] Shutting down plugin 'INNODB_SYS_TABLESPACES'
2018-12-11T01:41:29.544531Z 0 [Note] Shutting down plugin 'INNODB_SYS_FOREIGN_COLS'
2018-12-11T01:41:29.545755Z 0 [Note] Shutting down plugin 'INNODB_SYS_FOREIGN'
2018-12-11T01:41:29.546390Z 0 [Note] Shutting down plugin 'INNODB_SYS_FIELDS'
2018-12-11T01:41:29.547374Z 0 [Note] Shutting down plugin 'INNODB_SYS_COLUMNS'
2018-12-11T01:41:29.548355Z 0 [Note] Shutting down plugin 'INNODB_SYS_INDEXES'
2018-12-11T01:41:29.549319Z 0 [Note] Shutting down plugin 'INNODB_SYS_TABLESTATS'
2018-12-11T01:41:29.550299Z 0 [Note] Shutting down plugin 'INNODB_SYS_TABLES'
2018-12-11T01:41:29.551279Z 0 [Note] Shutting down plugin 'INNODB_FT_INDEX_TABLE'
2018-12-11T01:41:29.552253Z 0 [Note] Shutting down plugin 'INNODB_FT_INDEX_CACHE'
2018-12-11T01:41:29.553385Z 0 [Note] Shutting down plugin 'INNODB_FT_CONFIG'
2018-12-11T01:41:29.554805Z 0 [Note] Shutting down plugin 'INNODB_FT_BEING_DELETED'
2018-12-11T01:41:29.555520Z 0 [Note] Shutting down plugin 'INNODB_FT_DELETED'
2018-12-11T01:41:29.556170Z 0 [Note] Shutting down plugin 'INNODB_FT_DEFAULT_STOPWORD'
2018-12-11T01:41:29.557288Z 0 [Note] Shutting down plugin 'INNODB_METRICS'
2018-12-11T01:41:29.558247Z 0 [Note] Shutting down plugin 'INNODB_TEMP_TABLE_INFO'
2018-12-11T01:41:29.559204Z 0 [Note] Shutting down plugin 'INNODB_BUFFER_POOL_STATS'
2018-12-11T01:41:29.560271Z 0 [Note] Shutting down plugin 'INNODB_BUFFER_PAGE_LRU'
2018-12-11T01:41:29.561037Z 0 [Note] Shutting down plugin 'INNODB_BUFFER_PAGE'
2018-12-11T01:41:29.564816Z 0 [Note] Shutting down plugin 'INNODB_CMP_PER_INDEX_RESET'
2018-12-11T01:41:29.574904Z 0 [Note] Shutting down plugin 'INNODB_CMP_PER_INDEX'
2018-12-11T01:41:29.576526Z 0 [Note] Shutting down plugin 'INNODB_CMPMEM_RESET'
2018-12-11T01:41:29.581607Z 0 [Note] Shutting down plugin 'INNODB_CMPMEM'
2018-12-11T01:41:29.583043Z 0 [Note] Shutting down plugin 'INNODB_CMP_RESET'
2018-12-11T01:41:29.637456Z 0 [Note] Shutting down plugin 'INNODB_CMP'
2018-12-11T01:41:29.734722Z 0 [Note] Shutting down plugin 'INNODB_LOCK_WAITS'
2018-12-11T01:41:29.735648Z 0 [Note] Shutting down plugin 'INNODB_LOCKS'
2018-12-11T01:41:29.778927Z 0 [Note] Shutting down plugin 'INNODB_TRX'
2018-12-11T01:41:29.779880Z 0 [Note] Shutting down plugin 'InnoDB'
2018-12-11T01:41:29.781673Z 0 [Note] InnoDB: FTS optimize thread exiting.
2018-12-11T01:41:29.783113Z 0 [Note] InnoDB: Starting shutdown...
2018-12-11T01:41:29.884552Z 0 [Note] InnoDB: Dumping buffer pool(s) to /var/lib/mysql/ib_buffer_pool
2018-12-11T01:41:29.885913Z 0 [Note] InnoDB: Buffer pool(s) dump completed at 181211  1:41:29
2018-12-11T01:41:31.510005Z 0 [Note] InnoDB: Shutdown completed; log sequence number 4064566
2018-12-11T01:41:31.512203Z 0 [Note] InnoDB: Removed temporary tablespace data file: "ibtmp1"
2018-12-11T01:41:31.513301Z 0 [Note] Shutting down plugin 'MEMORY'
2018-12-11T01:41:31.514247Z 0 [Note] Shutting down plugin 'CSV'
2018-12-11T01:41:31.514751Z 0 [Note] Shutting down plugin 'sha256_password'
2018-12-11T01:41:31.515247Z 0 [Note] Shutting down plugin 'mysql_native_password'
2018-12-11T01:41:31.515941Z 0 [Note] Shutting down plugin 'binlog'
2018-12-11T01:41:31.517106Z 0 [Note] /usr/sbin/mysqld: Shutdown complete

2018-12-12T20:41:50.626692Z 0 [Warning] TIMESTAMP with implicit DEFAULT value is deprecated. Please use --explicit_defaults_for_timestamp server option (see documentation for more details).
2018-12-12T20:41:50.985323Z 0 [Note] /usr/sbin/mysqld (mysqld 5.7.23) starting as process 83 ...
2018-12-12T20:41:52.289772Z 0 [Note] InnoDB: PUNCH HOLE support available
2018-12-12T20:41:52.291325Z 0 [Note] InnoDB: Mutexes and rw_locks use GCC atomic builtins
2018-12-12T20:41:52.292389Z 0 [Note] InnoDB: Uses event mutexes
2018-12-12T20:41:52.293557Z 0 [Note] InnoDB: GCC builtin __atomic_thread_fence() is used for memory barrier
2018-12-12T20:41:52.294533Z 0 [Note] InnoDB: Compressed tables use zlib 1.2.3
2018-12-12T20:41:52.295422Z 0 [Note] InnoDB: Using Linux native AIO
2018-12-12T20:41:52.402189Z 0 [Note] InnoDB: Number of pools: 1
2018-12-12T20:41:52.561037Z 0 [Note] InnoDB: Using CPU crc32 instructions
2018-12-12T20:41:52.683677Z 0 [Note] InnoDB: Initializing buffer pool, total size = 32M, instances = 1, chunk size = 32M
2018-12-12T20:41:52.911460Z 0 [Note] InnoDB: Completed initialization of buffer pool
2018-12-12T20:41:52.930766Z 0 [Note] InnoDB: If the mysqld execution user is authorized, page cleaner thread priority can be changed. See the man page of setpriority().
2018-12-12T20:41:53.523706Z 0 [Note] InnoDB: Highest supported file format is Barracuda.
2018-12-12T20:41:54.465206Z 0 [Note] InnoDB: Creating shared tablespace for temporary tables
2018-12-12T20:41:54.467187Z 0 [Note] InnoDB: Setting file './ibtmp1' size to 12 MB. Physically writing the file full; Please wait ...
2018-12-12T20:41:54.580336Z 0 [Note] InnoDB: File './ibtmp1' size is now 12 MB.
2018-12-12T20:41:54.582701Z 0 [Note] InnoDB: 96 redo rollback segment(s) found. 96 redo rollback segment(s) are active.
2018-12-12T20:41:54.583736Z 0 [Note] InnoDB: 32 non-redo rollback segment(s) are active.
2018-12-12T20:41:54.585135Z 0 [Note] InnoDB: Waiting for purge to start
2018-12-12T20:41:54.637887Z 0 [Note] InnoDB: 5.7.23 started; log sequence number 4064566
2018-12-12T20:41:54.650599Z 0 [Note] InnoDB: Loading buffer pool(s) from /var/lib/mysql/ib_buffer_pool
2018-12-12T20:41:54.662055Z 0 [Note] Plugin 'FEDERATED' is disabled.
2018-12-12T20:41:54.847739Z 0 [Note] InnoDB: Buffer pool(s) load completed at 181212 20:41:54
2018-12-12T20:41:55.004255Z 0 [Warning] Failed to set up SSL because of the following SSL library error: SSL context is not usable without certificate and private key
2018-12-12T20:41:55.006658Z 0 [Note] Server hostname (bind-address): '*'; port: 3306
2018-12-12T20:41:55.026521Z 0 [Note] IPv6 is available.
2018-12-12T20:41:55.035114Z 0 [Note]   - '::' resolves to '::';
2018-12-12T20:41:55.036696Z 0 [Note] Server socket created on IP: '::'.
2018-12-12T20:41:55.049040Z 0 [Warning] Insecure configuration for --pid-file: Location '/var/run/mysqld' in the path is accessible to all OS users. Consider choosing a different directory.
2018-12-12T20:41:55.191286Z 0 [Warning] 'user' entry 'root@localhost' ignored in --skip-name-resolve mode.
2018-12-12T20:41:55.193425Z 0 [Warning] 'user' entry 'mysql.session@localhost' ignored in --skip-name-resolve mode.
2018-12-12T20:41:55.194192Z 0 [Warning] 'user' entry 'mysql.sys@localhost' ignored in --skip-name-resolve mode.
2018-12-12T20:41:55.198404Z 0 [Warning] 'db' entry 'performance_schema mysql.session@localhost' ignored in --skip-name-resolve mode.
2018-12-12T20:41:55.207563Z 0 [Warning] 'db' entry 'sys mysql.sys@localhost' ignored in --skip-name-resolve mode.
2018-12-12T20:41:55.217316Z 0 [Warning] 'proxies_priv' entry '@ root@localhost' ignored in --skip-name-resolve mode.
2018-12-12T20:41:55.332242Z 0 [Warning] 'tables_priv' entry 'user mysql.session@localhost' ignored in --skip-name-resolve mode.
2018-12-12T20:41:55.333761Z 0 [Warning] 'tables_priv' entry 'sys_config mysql.sys@localhost' ignored in --skip-name-resolve mode.
2018-12-12T20:41:55.732723Z 0 [Note] Event Scheduler: Loaded 0 events
2018-12-12T20:41:55.743428Z 0 [Note] /usr/sbin/mysqld: ready for connections.
Version: '5.7.23'  socket: '/var/run/mysqld/mysqld.sock'  port: 3306  MySQL Community Server (GPL)
2018-12-12T22:58:25.295363Z 0 [Warning] TIMESTAMP with implicit DEFAULT value is deprecated. Please use --explicit_defaults_for_timestamp server option (see documentation for more details).
2018-12-12T22:58:25.299925Z 0 [Note] /usr/sbin/mysqld (mysqld 5.7.23) starting as process 43 ...
2018-12-12T22:58:25.496433Z 0 [Note] InnoDB: PUNCH HOLE support available
2018-12-12T22:58:25.497470Z 0 [Note] InnoDB: Mutexes and rw_locks use GCC atomic builtins
2018-12-12T22:58:25.498247Z 0 [Note] InnoDB: Uses event mutexes
2018-12-12T22:58:25.498792Z 0 [Note] InnoDB: GCC builtin __atomic_thread_fence() is used for memory barrier
2018-12-12T22:58:25.499336Z 0 [Note] InnoDB: Compressed tables use zlib 1.2.3
2018-12-12T22:58:25.500139Z 0 [Note] InnoDB: Using Linux native AIO
2018-12-12T22:58:25.503915Z 0 [Note] InnoDB: Number of pools: 1
2018-12-12T22:58:25.512200Z 0 [Note] InnoDB: Using CPU crc32 instructions
2018-12-12T22:58:25.521645Z 0 [Note] InnoDB: Initializing buffer pool, total size = 32M, instances = 1, chunk size = 32M
2018-12-12T22:58:25.533429Z 0 [Note] InnoDB: Completed initialization of buffer pool
2018-12-12T22:58:25.547011Z 0 [Note] InnoDB: If the mysqld execution user is authorized, page cleaner thread priority can be changed. See the man page of setpriority().
2018-12-12T22:58:25.552786Z 0 [Note] InnoDB: Highest supported file format is Barracuda.
2018-12-12T22:58:25.559565Z 0 [Note] InnoDB: Log scan progressed past the checkpoint lsn 2588963
2018-12-12T22:58:25.561749Z 0 [Note] InnoDB: Doing recovery: scanned up to log sequence number 2591784
2018-12-12T22:58:25.567303Z 0 [Note] InnoDB: Database was not shutdown normally!
2018-12-12T22:58:25.568704Z 0 [Note] InnoDB: Starting crash recovery.
2018-12-12T22:58:25.780257Z 0 [Note] InnoDB: Starting an apply batch of log records to the database...
InnoDB: Progress in percent: 16 17 18 19 20 21 22 23 24 25 26 27 28 29 30 31 32 33 34 35 36 37 38 39 40 41 42 43 44 45 46 47 48 49 50 51 52 53 54 55 56 57 58 59 60 61 62 63 64 65 66 67 68 69 70 71 72 73 74 75 76 77 78 79 80 81 82 83 84 85 86 87 88 89 90 91 92 93 94 95 96 97 98 99 
2018-12-12T22:58:25.891766Z 0 [Note] InnoDB: Apply batch completed
2018-12-12T22:58:26.008181Z 0 [Note] InnoDB: Removed temporary tablespace data file: "ibtmp1"
2018-12-12T22:58:26.009007Z 0 [Note] InnoDB: Creating shared tablespace for temporary tables
2018-12-12T22:58:26.009848Z 0 [Note] InnoDB: Setting file './ibtmp1' size to 12 MB. Physically writing the file full; Please wait ...
2018-12-12T22:58:26.089824Z 0 [Note] InnoDB: File './ibtmp1' size is now 12 MB.
2018-12-12T22:58:26.091093Z 0 [Note] InnoDB: 96 redo rollback segment(s) found. 96 redo rollback segment(s) are active.
2018-12-12T22:58:26.091784Z 0 [Note] InnoDB: 32 non-redo rollback segment(s) are active.
2018-12-12T22:58:26.093130Z 0 [Note] InnoDB: Waiting for purge to start
2018-12-12T22:58:26.145341Z 0 [Note] InnoDB: 5.7.23 started; log sequence number 2591784
2018-12-12T22:58:26.148269Z 0 [Note] Plugin 'FEDERATED' is disabled.
2018-12-12T22:58:26.150689Z 0 [Note] InnoDB: Loading buffer pool(s) from /var/lib/mysql/ib_buffer_pool
2018-12-12T22:58:26.161059Z 0 [Warning] Failed to set up SSL because of the following SSL library error: SSL context is not usable without certificate and private key
2018-12-12T22:58:26.162394Z 0 [Note] Server hostname (bind-address): '*'; port: 3306
2018-12-12T22:58:26.163934Z 0 [Note] IPv6 is available.
2018-12-12T22:58:26.165968Z 0 [Note]   - '::' resolves to '::';
2018-12-12T22:58:26.166722Z 0 [Note] Server socket created on IP: '::'.
2018-12-12T22:58:26.168801Z 0 [Note] InnoDB: Buffer pool(s) load completed at 181212 22:58:26
2018-12-12T22:58:26.174049Z 0 [Warning] Insecure configuration for --pid-file: Location '/var/run/mysqld' in the path is accessible to all OS users. Consider choosing a different directory.
2018-12-12T22:58:26.180558Z 0 [ERROR] /usr/sbin/mysqld: Table './mysql/user' is marked as crashed and should be repaired
2018-12-12T22:58:26.181727Z 0 [Warning] Checking table:   './mysql/user'
2018-12-12T22:58:26.182524Z 0 [ERROR] 1 client is using or hasn't closed the table properly
2018-12-12T22:58:26.184974Z 0 [Warning] 'user' entry 'root@localhost' ignored in --skip-name-resolve mode.
2018-12-12T22:58:26.185670Z 0 [Warning] 'user' entry 'mysql.session@localhost' ignored in --skip-name-resolve mode.
2018-12-12T22:58:26.186670Z 0 [Warning] 'user' entry 'mysql.sys@localhost' ignored in --skip-name-resolve mode.
2018-12-12T22:58:26.187774Z 0 [Warning] 'db' entry 'performance_schema mysql.session@localhost' ignored in --skip-name-resolve mode.
2018-12-12T22:58:26.188523Z 0 [Warning] 'db' entry 'sys mysql.sys@localhost' ignored in --skip-name-resolve mode.
2018-12-12T22:58:26.189624Z 0 [Warning] 'proxies_priv' entry '@ root@localhost' ignored in --skip-name-resolve mode.
2018-12-12T22:58:26.192865Z 0 [Warning] 'tables_priv' entry 'user mysql.session@localhost' ignored in --skip-name-resolve mode.
2018-12-12T22:58:26.194303Z 0 [Warning] 'tables_priv' entry 'sys_config mysql.sys@localhost' ignored in --skip-name-resolve mode.
2018-12-12T22:58:26.228696Z 0 [Note] Event Scheduler: Loaded 0 events
2018-12-12T22:58:26.237210Z 0 [Note] /usr/sbin/mysqld: ready for connections.
Version: '5.7.23'  socket: '/var/run/mysqld/mysqld.sock'  port: 3306  MySQL Community Server (GPL)
2018-12-13T23:27:30.407748Z 0 [Warning] TIMESTAMP with implicit DEFAULT value is deprecated. Please use --explicit_defaults_for_timestamp server option (see documentation for more details).
2018-12-13T23:27:30.408522Z 0 [Note] /usr/sbin/mysqld (mysqld 5.7.23) starting as process 82 ...
2018-12-13T23:27:30.472854Z 0 [Note] InnoDB: PUNCH HOLE support available
2018-12-13T23:27:30.473762Z 0 [Note] InnoDB: Mutexes and rw_locks use GCC atomic builtins
2018-12-13T23:27:30.478898Z 0 [Note] InnoDB: Uses event mutexes
2018-12-13T23:27:30.489875Z 0 [Note] InnoDB: GCC builtin __atomic_thread_fence() is used for memory barrier
2018-12-13T23:27:30.494165Z 0 [Note] InnoDB: Compressed tables use zlib 1.2.3
2018-12-13T23:27:30.496757Z 0 [Note] InnoDB: Using Linux native AIO
2018-12-13T23:27:30.514678Z 0 [Note] InnoDB: Number of pools: 1
2018-12-13T23:27:30.516015Z 0 [Note] InnoDB: Using CPU crc32 instructions
2018-12-13T23:27:30.524705Z 0 [Note] InnoDB: Initializing buffer pool, total size = 32M, instances = 1, chunk size = 32M
2018-12-13T23:27:30.550952Z 0 [Note] InnoDB: Completed initialization of buffer pool
2018-12-13T23:27:30.558106Z 0 [Note] InnoDB: If the mysqld execution user is authorized, page cleaner thread priority can be changed. See the man page of setpriority().
2018-12-13T23:27:30.679878Z 0 [Note] InnoDB: Highest supported file format is Barracuda.
2018-12-13T23:27:30.702312Z 0 [Note] InnoDB: Log scan progressed past the checkpoint lsn 3424868
2018-12-13T23:27:30.707084Z 0 [Note] InnoDB: Doing recovery: scanned up to log sequence number 3424877
2018-12-13T23:27:30.708076Z 0 [Note] InnoDB: Database was not shutdown normally!
2018-12-13T23:27:30.713044Z 0 [Note] InnoDB: Starting crash recovery.
2018-12-13T23:27:31.546453Z 0 [Note] InnoDB: Removed temporary tablespace data file: "ibtmp1"
2018-12-13T23:27:31.571277Z 0 [Note] InnoDB: Creating shared tablespace for temporary tables
2018-12-13T23:27:31.581347Z 0 [Note] InnoDB: Setting file './ibtmp1' size to 12 MB. Physically writing the file full; Please wait ...
2018-12-13T23:27:31.793639Z 0 [Note] InnoDB: File './ibtmp1' size is now 12 MB.
2018-12-13T23:27:31.795185Z 0 [Note] InnoDB: 96 redo rollback segment(s) found. 96 redo rollback segment(s) are active.
2018-12-13T23:27:31.801858Z 0 [Note] InnoDB: 32 non-redo rollback segment(s) are active.
2018-12-13T23:27:31.857014Z 0 [Note] InnoDB: 5.7.23 started; log sequence number 3424877
2018-12-13T23:27:31.858131Z 0 [Note] Plugin 'FEDERATED' is disabled.
2018-12-13T23:27:31.858920Z 0 [Note] InnoDB: Loading buffer pool(s) from /var/lib/mysql/ib_buffer_pool
2018-12-13T23:27:31.864073Z 0 [Note] InnoDB: Buffer pool(s) load completed at 181213 23:27:31
2018-12-13T23:27:31.873470Z 0 [Warning] Failed to set up SSL because of the following SSL library error: SSL context is not usable without certificate and private key
2018-12-13T23:27:31.946034Z 0 [Note] Server hostname (bind-address): '*'; port: 3306
2018-12-13T23:27:31.950297Z 0 [Note] IPv6 is available.
2018-12-13T23:27:31.951534Z 0 [Note]   - '::' resolves to '::';
2018-12-13T23:27:31.952381Z 0 [Note] Server socket created on IP: '::'.
2018-12-13T23:27:31.963841Z 0 [Warning] Insecure configuration for --pid-file: Location '/var/run/mysqld' in the path is accessible to all OS users. Consider choosing a different directory.
2018-12-13T23:27:31.997908Z 0 [Warning] 'user' entry 'root@localhost' ignored in --skip-name-resolve mode.
2018-12-13T23:27:32.003595Z 0 [Warning] 'user' entry 'mysql.session@localhost' ignored in --skip-name-resolve mode.
2018-12-13T23:27:32.004551Z 0 [Warning] 'user' entry 'mysql.sys@localhost' ignored in --skip-name-resolve mode.
2018-12-13T23:27:32.005543Z 0 [Warning] 'db' entry 'performance_schema mysql.session@localhost' ignored in --skip-name-resolve mode.
2018-12-13T23:27:32.006827Z 0 [Warning] 'db' entry 'sys mysql.sys@localhost' ignored in --skip-name-resolve mode.
2018-12-13T23:27:32.007663Z 0 [Warning] 'proxies_priv' entry '@ root@localhost' ignored in --skip-name-resolve mode.
2018-12-13T23:27:32.018739Z 0 [Warning] 'tables_priv' entry 'user mysql.session@localhost' ignored in --skip-name-resolve mode.
2018-12-13T23:27:32.032636Z 0 [Warning] 'tables_priv' entry 'sys_config mysql.sys@localhost' ignored in --skip-name-resolve mode.
2018-12-13T23:27:32.061825Z 0 [Note] Event Scheduler: Loaded 0 events
2018-12-13T23:27:32.089308Z 0 [Note] /usr/sbin/mysqld: ready for connections.
Version: '5.7.23'  socket: '/var/run/mysqld/mysqld.sock'  port: 3306  MySQL Community Server (GPL)
2018-12-13T23:32:30.328255Z 23 [ERROR] /usr/sbin/mysqld: Table './mysql/proc' is marked as crashed and should be repaired
2018-12-13T23:36:30.408272Z 42 [ERROR] /usr/sbin/mysqld: Table './mysql/proc' is marked as crashed and should be repaired
2018-12-13T23:36:41.700342Z 0 [Note] Giving 4 client threads a chance to die gracefully
2018-12-13T23:36:41.720227Z 0 [Note] Shutting down slave threads
2018-12-13T23:36:43.747545Z 0 [Note] Forcefully disconnecting 4 remaining clients
2018-12-13T23:36:43.753151Z 0 [Warning] /usr/sbin/mysqld: Forcing close of thread 40  user: 'root'

2018-12-13T23:36:43.761909Z 0 [Warning] /usr/sbin/mysqld: Forcing close of thread 41  user: 'root'

2018-12-13T23:36:43.778523Z 0 [Warning] /usr/sbin/mysqld: Forcing close of thread 49  user: 'root'

2018-12-13T23:36:43.785209Z 0 [Warning] /usr/sbin/mysqld: Forcing close of thread 48  user: 'root'

2018-12-13T23:36:43.791224Z 0 [Note] Event Scheduler: Purging the queue. 0 events
2018-12-13T23:36:43.793636Z 0 [Note] Binlog end
2018-12-13T23:36:43.839113Z 0 [Note] Shutting down plugin 'ngram'
2018-12-13T23:36:43.841336Z 0 [Note] Shutting down plugin 'partition'
2018-12-13T23:36:43.883268Z 0 [Note] Shutting down plugin 'BLACKHOLE'
2018-12-13T23:36:43.886004Z 0 [Note] Shutting down plugin 'ARCHIVE'
2018-12-13T23:36:43.912116Z 0 [Note] Shutting down plugin 'PERFORMANCE_SCHEMA'
2018-12-13T23:36:43.999351Z 0 [Note] Shutting down plugin 'MRG_MYISAM'
2018-12-13T23:36:44.005384Z 0 [Note] Shutting down plugin 'MyISAM'
2018-12-13T23:36:44.100109Z 0 [Note] Shutting down plugin 'INNODB_SYS_VIRTUAL'
2018-12-13T23:36:44.100939Z 0 [Note] Shutting down plugin 'INNODB_SYS_DATAFILES'
2018-12-13T23:36:44.119336Z 0 [Note] Shutting down plugin 'INNODB_SYS_TABLESPACES'
2018-12-13T23:36:44.120523Z 0 [Note] Shutting down plugin 'INNODB_SYS_FOREIGN_COLS'
2018-12-13T23:36:44.128239Z 0 [Note] Shutting down plugin 'INNODB_SYS_FOREIGN'
2018-12-13T23:36:44.133676Z 0 [Note] Shutting down plugin 'INNODB_SYS_FIELDS'
2018-12-13T23:36:44.134443Z 0 [Note] Shutting down plugin 'INNODB_SYS_COLUMNS'
2018-12-13T23:36:44.134989Z 0 [Note] Shutting down plugin 'INNODB_SYS_INDEXES'
2018-12-13T23:36:44.152695Z 0 [Note] Shutting down plugin 'INNODB_SYS_TABLESTATS'
2018-12-13T23:36:44.153889Z 0 [Note] Shutting down plugin 'INNODB_SYS_TABLES'
2018-12-13T23:36:44.155558Z 0 [Note] Shutting down plugin 'INNODB_FT_INDEX_TABLE'
2018-12-13T23:36:44.189621Z 0 [Note] Shutting down plugin 'INNODB_FT_INDEX_CACHE'
2018-12-13T23:36:44.229176Z 0 [Note] Shutting down plugin 'INNODB_FT_CONFIG'
2018-12-13T23:36:44.230085Z 0 [Note] Shutting down plugin 'INNODB_FT_BEING_DELETED'
2018-12-13T23:36:44.238793Z 0 [Note] Shutting down plugin 'INNODB_FT_DELETED'
2018-12-13T23:36:44.239642Z 0 [Note] Shutting down plugin 'INNODB_FT_DEFAULT_STOPWORD'
2018-12-13T23:36:44.240466Z 0 [Note] Shutting down plugin 'INNODB_METRICS'
2018-12-13T23:36:44.258753Z 0 [Note] Shutting down plugin 'INNODB_TEMP_TABLE_INFO'
2018-12-13T23:36:44.260237Z 0 [Note] Shutting down plugin 'INNODB_BUFFER_POOL_STATS'
2018-12-13T23:36:44.282831Z 0 [Note] Shutting down plugin 'INNODB_BUFFER_PAGE_LRU'
2018-12-13T23:36:44.292366Z 0 [Note] Shutting down plugin 'INNODB_BUFFER_PAGE'
2018-12-13T23:36:44.293081Z 0 [Note] Shutting down plugin 'INNODB_CMP_PER_INDEX_RESET'
2018-12-13T23:36:44.306912Z 0 [Note] Shutting down plugin 'INNODB_CMP_PER_INDEX'
2018-12-13T23:36:44.311785Z 0 [Note] Shutting down plugin 'INNODB_CMPMEM_RESET'
2018-12-13T23:36:44.312283Z 0 [Note] Shutting down plugin 'INNODB_CMPMEM'
2018-12-13T23:36:44.316800Z 0 [Note] Shutting down plugin 'INNODB_CMP_RESET'
2018-12-13T23:36:44.322841Z 0 [Note] Shutting down plugin 'INNODB_CMP'
2018-12-13T23:36:44.338046Z 0 [Note] Shutting down plugin 'INNODB_LOCK_WAITS'
2018-12-13T23:36:44.340209Z 0 [Note] Shutting down plugin 'INNODB_LOCKS'
2018-12-13T23:36:44.361571Z 0 [Note] Shutting down plugin 'INNODB_TRX'
2018-12-13T23:36:44.362313Z 0 [Note] Shutting down plugin 'InnoDB'
2018-12-13T23:36:44.466335Z 0 [Note] InnoDB: FTS optimize thread exiting.
2018-12-13T23:36:44.551821Z 0 [Note] InnoDB: Starting shutdown...
2018-12-13T23:36:44.662994Z 0 [Note] InnoDB: Dumping buffer pool(s) to /var/lib/mysql/ib_buffer_pool
2018-12-13T23:36:44.668653Z 0 [Note] InnoDB: Buffer pool(s) dump completed at 181213 23:36:44
2018-12-13T23:36:46.136727Z 0 [Note] InnoDB: Shutdown completed; log sequence number 3488322
2018-12-14T22:42:36.670127Z 0 [Warning] TIMESTAMP with implicit DEFAULT value is deprecated. Please use --explicit_defaults_for_timestamp server option (see documentation for more details).
2018-12-14T22:42:36.731739Z 0 [Note] /usr/sbin/mysqld (mysqld 5.7.23) starting as process 81 ...
2018-12-14T22:42:36.920733Z 0 [Note] InnoDB: PUNCH HOLE support available
2018-12-14T22:42:36.921731Z 0 [Note] InnoDB: Mutexes and rw_locks use GCC atomic builtins
2018-12-14T22:42:36.922689Z 0 [Note] InnoDB: Uses event mutexes
2018-12-14T22:42:36.923696Z 0 [Note] InnoDB: GCC builtin __atomic_thread_fence() is used for memory barrier
2018-12-14T22:42:36.924642Z 0 [Note] InnoDB: Compressed tables use zlib 1.2.3
2018-12-14T22:42:36.925849Z 0 [Note] InnoDB: Using Linux native AIO
2018-12-14T22:42:36.932926Z 0 [Note] InnoDB: Number of pools: 1
2018-12-14T22:42:36.945422Z 0 [Note] InnoDB: Using CPU crc32 instructions
2018-12-14T22:42:36.957683Z 0 [Note] InnoDB: Initializing buffer pool, total size = 32M, instances = 1, chunk size = 32M
2018-12-14T22:42:36.973583Z 0 [Note] InnoDB: Completed initialization of buffer pool
2018-12-14T22:42:36.989952Z 0 [Note] InnoDB: If the mysqld execution user is authorized, page cleaner thread priority can be changed. See the man page of setpriority().
2018-12-14T22:42:37.090628Z 0 [Note] InnoDB: Highest supported file format is Barracuda.
2018-12-14T22:42:37.407866Z 0 [Note] InnoDB: Removed temporary tablespace data file: "ibtmp1"
2018-12-14T22:42:37.408994Z 0 [Note] InnoDB: Creating shared tablespace for temporary tables
2018-12-14T22:42:37.410693Z 0 [Note] InnoDB: Setting file './ibtmp1' size to 12 MB. Physically writing the file full; Please wait ...
2018-12-14T22:42:37.553033Z 0 [Note] InnoDB: File './ibtmp1' size is now 12 MB.
2018-12-14T22:42:37.554984Z 0 [Note] InnoDB: 96 redo rollback segment(s) found. 96 redo rollback segment(s) are active.
2018-12-14T22:42:37.556516Z 0 [Note] InnoDB: 32 non-redo rollback segment(s) are active.
2018-12-14T22:42:37.570438Z 0 [Note] InnoDB: 5.7.23 started; log sequence number 3488322
2018-12-14T22:42:37.571671Z 0 [Note] InnoDB: Loading buffer pool(s) from /var/lib/mysql/ib_buffer_pool
2018-12-14T22:42:37.573610Z 0 [Note] Plugin 'FEDERATED' is disabled.
2018-12-14T22:42:37.809847Z 0 [Warning] Failed to set up SSL because of the following SSL library error: SSL context is not usable without certificate and private key
2018-12-14T22:42:37.811844Z 0 [Note] Server hostname (bind-address): '*'; port: 3306
2018-12-14T22:42:37.824116Z 0 [Note] IPv6 is available.
2018-12-14T22:42:37.827361Z 0 [Note]   - '::' resolves to '::';
2018-12-14T22:42:37.828781Z 0 [Note] Server socket created on IP: '::'.
2018-12-14T22:42:37.834600Z 0 [Warning] Insecure configuration for --pid-file: Location '/var/run/mysqld' in the path is accessible to all OS users. Consider choosing a different directory.
2018-12-14T22:42:37.980661Z 0 [Warning] 'user' entry 'root@localhost' ignored in --skip-name-resolve mode.
2018-12-14T22:42:37.982463Z 0 [Warning] 'user' entry 'mysql.session@localhost' ignored in --skip-name-resolve mode.
2018-12-14T22:42:37.983299Z 0 [Warning] 'user' entry 'mysql.sys@localhost' ignored in --skip-name-resolve mode.
2018-12-14T22:42:38.006748Z 0 [Warning] 'db' entry 'performance_schema mysql.session@localhost' ignored in --skip-name-resolve mode.
2018-12-14T22:42:38.007716Z 0 [Warning] 'db' entry 'sys mysql.sys@localhost' ignored in --skip-name-resolve mode.
2018-12-14T22:42:38.011521Z 0 [Warning] 'proxies_priv' entry '@ root@localhost' ignored in --skip-name-resolve mode.
2018-12-14T22:42:38.066933Z 0 [Note] InnoDB: Buffer pool(s) load completed at 181214 22:42:38
2018-12-14T22:42:38.072525Z 0 [Warning] 'tables_priv' entry 'user mysql.session@localhost' ignored in --skip-name-resolve mode.
2018-12-14T22:42:38.073555Z 0 [Warning] 'tables_priv' entry 'sys_config mysql.sys@localhost' ignored in --skip-name-resolve mode.
2018-12-14T22:42:38.273144Z 0 [Note] Event Scheduler: Loaded 0 events
2018-12-14T22:42:38.283197Z 0 [Note] /usr/sbin/mysqld: ready for connections.
Version: '5.7.23'  socket: '/var/run/mysqld/mysqld.sock'  port: 3306  MySQL Community Server (GPL)
2018-12-14T22:51:12.828387Z 9 [ERROR] /usr/sbin/mysqld: Table './mysql/proc' is marked as crashed and should be repaired
2018-12-14T22:51:15.959709Z 0 [Note] Giving 0 client threads a chance to die gracefully
2018-12-14T22:51:15.964500Z 0 [Note] Shutting down slave threads
2018-12-14T22:51:15.965379Z 0 [Note] Forcefully disconnecting 0 remaining clients
2018-12-14T22:51:15.966635Z 0 [Note] Event Scheduler: Purging the queue. 0 events
2018-12-14T22:51:16.038283Z 0 [Note] Binlog end
2018-12-14T22:51:16.047638Z 0 [Note] Shutting down plugin 'ngram'
2018-12-14T22:51:16.134896Z 0 [Note] Shutting down plugin 'partition'
2018-12-14T22:51:16.156305Z 0 [Note] Shutting down plugin 'BLACKHOLE'
2018-12-14T22:51:16.157395Z 0 [Note] Shutting down plugin 'ARCHIVE'
2018-12-14T22:51:16.158693Z 0 [Note] Shutting down plugin 'PERFORMANCE_SCHEMA'
2018-12-14T22:51:16.159670Z 0 [Note] Shutting down plugin 'MRG_MYISAM'
2018-12-14T22:51:16.160512Z 0 [Note] Shutting down plugin 'MyISAM'
2018-12-14T22:51:16.161740Z 0 [Note] Shutting down plugin 'INNODB_SYS_VIRTUAL'
2018-12-14T22:51:16.162452Z 0 [Note] Shutting down plugin 'INNODB_SYS_DATAFILES'
2018-12-14T22:51:16.163192Z 0 [Note] Shutting down plugin 'INNODB_SYS_TABLESPACES'
2018-12-14T22:51:16.164917Z 0 [Note] Shutting down plugin 'INNODB_SYS_FOREIGN_COLS'
2018-12-14T22:51:16.166722Z 0 [Note] Shutting down plugin 'INNODB_SYS_FOREIGN'
2018-12-14T22:51:16.168792Z 0 [Note] Shutting down plugin 'INNODB_SYS_FIELDS'
2018-12-14T22:51:16.171716Z 0 [Note] Shutting down plugin 'INNODB_SYS_COLUMNS'
2018-12-14T22:51:16.179852Z 0 [Note] Shutting down plugin 'INNODB_SYS_INDEXES'
2018-12-14T22:51:16.181368Z 0 [Note] Shutting down plugin 'INNODB_SYS_TABLESTATS'
2018-12-14T22:51:16.182424Z 0 [Note] Shutting down plugin 'INNODB_SYS_TABLES'
2018-12-14T22:51:16.183185Z 0 [Note] Shutting down plugin 'INNODB_FT_INDEX_TABLE'
2018-12-14T22:51:16.184741Z 0 [Note] Shutting down plugin 'INNODB_FT_INDEX_CACHE'
2018-12-14T22:51:16.186668Z 0 [Note] Shutting down plugin 'INNODB_FT_CONFIG'
2018-12-14T22:51:16.188252Z 0 [Note] Shutting down plugin 'INNODB_FT_BEING_DELETED'
2018-12-14T22:51:16.189603Z 0 [Note] Shutting down plugin 'INNODB_FT_DELETED'
2018-12-14T22:51:16.190486Z 0 [Note] Shutting down plugin 'INNODB_FT_DEFAULT_STOPWORD'
2018-12-14T22:51:16.190989Z 0 [Note] Shutting down plugin 'INNODB_METRICS'
2018-12-14T22:51:16.192035Z 0 [Note] Shutting down plugin 'INNODB_TEMP_TABLE_INFO'
2018-12-14T22:51:16.193094Z 0 [Note] Shutting down plugin 'INNODB_BUFFER_POOL_STATS'
2018-12-14T22:51:16.193999Z 0 [Note] Shutting down plugin 'INNODB_BUFFER_PAGE_LRU'
2018-12-14T22:51:16.194968Z 0 [Note] Shutting down plugin 'INNODB_BUFFER_PAGE'
2018-12-14T22:51:16.195948Z 0 [Note] Shutting down plugin 'INNODB_CMP_PER_INDEX_RESET'
2018-12-14T22:51:16.196998Z 0 [Note] Shutting down plugin 'INNODB_CMP_PER_INDEX'
2018-12-14T22:51:16.197885Z 0 [Note] Shutting down plugin 'INNODB_CMPMEM_RESET'
2018-12-14T22:51:16.199074Z 0 [Note] Shutting down plugin 'INNODB_CMPMEM'
2018-12-14T22:51:16.199848Z 0 [Note] Shutting down plugin 'INNODB_CMP_RESET'
2018-12-14T22:51:16.201033Z 0 [Note] Shutting down plugin 'INNODB_CMP'
2018-12-14T22:51:16.201867Z 0 [Note] Shutting down plugin 'INNODB_LOCK_WAITS'
2018-12-14T22:51:16.208782Z 0 [Note] Shutting down plugin 'INNODB_LOCKS'
2018-12-14T22:51:16.210344Z 0 [Note] Shutting down plugin 'INNODB_TRX'
2018-12-14T22:51:16.211549Z 0 [Note] Shutting down plugin 'InnoDB'
2018-12-14T22:51:16.212862Z 0 [Note] InnoDB: FTS optimize thread exiting.
2018-12-14T22:51:16.213815Z 0 [Note] InnoDB: Starting shutdown...
2018-12-14T22:51:16.317273Z 0 [Note] InnoDB: Dumping buffer pool(s) to /var/lib/mysql/ib_buffer_pool
2018-12-14T22:51:16.323272Z 0 [Note] InnoDB: Buffer pool(s) dump completed at 181214 22:51:16
2018-12-14T22:51:18.123535Z 0 [Note] InnoDB: Shutdown completed; log sequence number 3518811
2018-12-14T22:51:18.143104Z 0 [Note] InnoDB: Removed temporary tablespace data file: "ibtmp1"
2018-12-14T22:51:18.153614Z 0 [Note] Shutting down plugin 'MEMORY'
2018-12-14T22:51:18.158603Z 0 [Note] Shutting down plugin 'CSV'
2018-12-14T22:51:18.171634Z 0 [Note] Shutting down plugin 'sha256_password'
2018-12-14T22:51:18.172515Z 0 [Note] Shutting down plugin 'mysql_native_password'
2018-12-14T22:51:18.173516Z 0 [Note] Shutting down plugin 'binlog'
2018-12-14T22:51:18.174586Z 0 [Note] /usr/sbin/mysqld: Shutdown complete

2018-12-17T00:42:12.720795Z 0 [Warning] TIMESTAMP with implicit DEFAULT value is deprecated. Please use --explicit_defaults_for_timestamp server option (see documentation for more details).
2018-12-17T00:42:12.913685Z 0 [Note] /usr/sbin/mysqld (mysqld 5.7.23) starting as process 132 ...
2018-12-17T00:42:14.539531Z 0 [Note] InnoDB: PUNCH HOLE support available
2018-12-17T00:42:14.540292Z 0 [Note] InnoDB: Mutexes and rw_locks use GCC atomic builtins
2018-12-17T00:42:14.541397Z 0 [Note] InnoDB: Uses event mutexes
2018-12-17T00:42:14.541973Z 0 [Note] InnoDB: GCC builtin __atomic_thread_fence() is used for memory barrier
2018-12-17T00:42:14.542584Z 0 [Note] InnoDB: Compressed tables use zlib 1.2.3
2018-12-17T00:42:14.563981Z 0 [Note] InnoDB: Using Linux native AIO
2018-12-17T00:42:14.584694Z 0 [Note] InnoDB: Number of pools: 1
2018-12-17T00:42:14.764576Z 0 [Note] InnoDB: Using CPU crc32 instructions
2018-12-17T00:42:14.854408Z 0 [Note] InnoDB: Initializing buffer pool, total size = 32M, instances = 1, chunk size = 32M
2018-12-17T00:42:14.953896Z 0 [Note] InnoDB: Completed initialization of buffer pool
2018-12-17T00:42:15.044801Z 0 [Note] InnoDB: If the mysqld execution user is authorized, page cleaner thread priority can be changed. See the man page of setpriority().
2018-12-17T00:42:16.083388Z 0 [Note] InnoDB: Highest supported file format is Barracuda.
2018-12-17T00:42:19.190185Z 0 [Note] InnoDB: Creating shared tablespace for temporary tables
2018-12-17T00:42:19.191357Z 0 [Note] InnoDB: Setting file './ibtmp1' size to 12 MB. Physically writing the file full; Please wait ...
2018-12-17T00:42:19.609666Z 0 [Note] InnoDB: File './ibtmp1' size is now 12 MB.
2018-12-17T00:42:19.615703Z 0 [Note] InnoDB: 96 redo rollback segment(s) found. 96 redo rollback segment(s) are active.
2018-12-17T00:42:19.621699Z 0 [Note] InnoDB: 32 non-redo rollback segment(s) are active.
2018-12-17T00:42:19.629395Z 0 [Note] InnoDB: page_cleaner: 1000ms intended loop took 4585ms. The settings might not be optimal. (flushed=0 and evicted=0, during the time.)
2018-12-17T00:42:19.634218Z 0 [Note] InnoDB: 5.7.23 started; log sequence number 3518811
2018-12-17T00:42:19.635686Z 0 [Note] InnoDB: Loading buffer pool(s) from /var/lib/mysql/ib_buffer_pool
2018-12-17T00:42:19.712769Z 0 [Note] Plugin 'FEDERATED' is disabled.
2018-12-17T00:42:21.204750Z 0 [Warning] Failed to set up SSL because of the following SSL library error: SSL context is not usable without certificate and private key
2018-12-17T00:42:21.205882Z 0 [Note] Server hostname (bind-address): '*'; port: 3306
2018-12-17T00:42:21.246778Z 0 [Note] IPv6 is available.
2018-12-17T00:42:21.325516Z 0 [Note]   - '::' resolves to '::';
2018-12-17T00:42:21.329328Z 0 [Note] Server socket created on IP: '::'.
2018-12-17T00:42:21.607706Z 0 [Warning] Insecure configuration for --pid-file: Location '/var/run/mysqld' in the path is accessible to all OS users. Consider choosing a different directory.
2018-12-17T00:42:22.400195Z 0 [Warning] 'user' entry 'root@localhost' ignored in --skip-name-resolve mode.
2018-12-17T00:42:22.400862Z 0 [Warning] 'user' entry 'mysql.session@localhost' ignored in --skip-name-resolve mode.
2018-12-17T00:42:22.402004Z 0 [Warning] 'user' entry 'mysql.sys@localhost' ignored in --skip-name-resolve mode.
2018-12-17T00:42:22.605554Z 0 [Warning] 'db' entry 'performance_schema mysql.session@localhost' ignored in --skip-name-resolve mode.
2018-12-17T00:42:22.606520Z 0 [Warning] 'db' entry 'sys mysql.sys@localhost' ignored in --skip-name-resolve mode.
2018-12-17T00:42:22.671713Z 0 [Warning] 'proxies_priv' entry '@ root@localhost' ignored in --skip-name-resolve mode.
2018-12-17T00:42:23.275799Z 0 [Warning] 'tables_priv' entry 'user mysql.session@localhost' ignored in --skip-name-resolve mode.
2018-12-17T00:42:23.278146Z 0 [Warning] 'tables_priv' entry 'sys_config mysql.sys@localhost' ignored in --skip-name-resolve mode.
2018-12-17T00:42:23.276197Z 0 [Note] InnoDB: Buffer pool(s) load completed at 181217  0:42:23
2018-12-19T22:59:35.346175Z 0 [Warning] TIMESTAMP with implicit DEFAULT value is deprecated. Please use --explicit_defaults_for_timestamp server option (see documentation for more details).
2018-12-19T22:59:35.408491Z 0 [Note] /usr/sbin/mysqld (mysqld 5.7.23) starting as process 90 ...
2018-12-19T22:59:35.680794Z 0 [Note] InnoDB: PUNCH HOLE support available
2018-12-19T22:59:35.681746Z 0 [Note] InnoDB: Mutexes and rw_locks use GCC atomic builtins
2018-12-19T22:59:35.682720Z 0 [Note] InnoDB: Uses event mutexes
2018-12-19T22:59:35.683783Z 0 [Note] InnoDB: GCC builtin __atomic_thread_fence() is used for memory barrier
2018-12-19T22:59:35.684867Z 0 [Note] InnoDB: Compressed tables use zlib 1.2.3
2018-12-19T22:59:35.686286Z 0 [Note] InnoDB: Using Linux native AIO
2018-12-19T22:59:35.694394Z 0 [Note] InnoDB: Number of pools: 1
2018-12-19T22:59:35.704621Z 0 [Note] InnoDB: Using CPU crc32 instructions
2018-12-19T22:59:35.734028Z 0 [Note] InnoDB: Initializing buffer pool, total size = 32M, instances = 1, chunk size = 32M
2018-12-19T22:59:35.756009Z 0 [Note] InnoDB: Completed initialization of buffer pool
2018-12-19T22:59:35.760885Z 0 [Note] InnoDB: If the mysqld execution user is authorized, page cleaner thread priority can be changed. See the man page of setpriority().
2018-12-19T22:59:36.260883Z 0 [Note] InnoDB: Highest supported file format is Barracuda.
2018-12-19T22:59:36.321455Z 0 [Note] InnoDB: Log scan progressed past the checkpoint lsn 3518830
2018-12-19T22:59:36.323171Z 0 [Note] InnoDB: Doing recovery: scanned up to log sequence number 3518839
2018-12-19T22:59:36.326331Z 0 [Note] InnoDB: Database was not shutdown normally!
2018-12-19T22:59:36.328185Z 0 [Note] InnoDB: Starting crash recovery.
2018-12-19T22:59:37.062411Z 0 [Note] InnoDB: Removed temporary tablespace data file: "ibtmp1"
2018-12-19T22:59:37.064184Z 0 [Note] InnoDB: Creating shared tablespace for temporary tables
2018-12-19T22:59:37.067849Z 0 [Note] InnoDB: Setting file './ibtmp1' size to 12 MB. Physically writing the file full; Please wait ...
2018-12-19T22:59:37.188211Z 0 [Note] InnoDB: File './ibtmp1' size is now 12 MB.
2018-12-19T22:59:37.189766Z 0 [Note] InnoDB: 96 redo rollback segment(s) found. 96 redo rollback segment(s) are active.
2018-12-19T22:59:37.190553Z 0 [Note] InnoDB: 32 non-redo rollback segment(s) are active.
2018-12-19T22:59:37.191702Z 0 [Note] InnoDB: Waiting for purge to start
2018-12-19T22:59:37.243161Z 0 [Note] InnoDB: 5.7.23 started; log sequence number 3518839
2018-12-19T22:59:37.257661Z 0 [Note] InnoDB: Loading buffer pool(s) from /var/lib/mysql/ib_buffer_pool
2018-12-19T22:59:37.259157Z 0 [Note] Plugin 'FEDERATED' is disabled.
2018-12-19T22:59:37.424043Z 0 [Note] InnoDB: Buffer pool(s) load completed at 181219 22:59:37
2018-12-19T22:59:37.441640Z 0 [Warning] Failed to set up SSL because of the following SSL library error: SSL context is not usable without certificate and private key
2018-12-19T22:59:37.442613Z 0 [Note] Server hostname (bind-address): '*'; port: 3306
2018-12-19T22:59:37.471868Z 0 [Note] IPv6 is available.
2018-12-19T22:59:37.489739Z 0 [Note]   - '::' resolves to '::';
2018-12-19T22:59:37.491342Z 0 [Note] Server socket created on IP: '::'.
2018-12-19T22:59:37.514210Z 0 [ERROR] Another process with pid 132 is using unix socket file.
2018-12-19T22:59:37.515215Z 0 [ERROR] Unable to setup unix socket lock file.
2018-12-19T22:59:37.515981Z 0 [ERROR] Aborting

2018-12-19T22:59:37.516961Z 0 [Note] Binlog end
2018-12-19T22:59:37.517932Z 0 [Note] Shutting down plugin 'ngram'
2018-12-19T22:59:37.519112Z 0 [Note] Shutting down plugin 'partition'
2018-12-19T22:59:37.519858Z 0 [Note] Shutting down plugin 'BLACKHOLE'
2018-12-19T22:59:37.520696Z 0 [Note] Shutting down plugin 'ARCHIVE'
2018-12-19T22:59:37.521374Z 0 [Note] Shutting down plugin 'PERFORMANCE_SCHEMA'
2018-12-19T22:59:37.522268Z 0 [Note] Shutting down plugin 'MRG_MYISAM'
2018-12-19T22:59:37.522943Z 0 [Note] Shutting down plugin 'MyISAM'
2018-12-19T22:59:37.527933Z 0 [Note] Shutting down plugin 'INNODB_SYS_VIRTUAL'
2018-12-19T22:59:37.529580Z 0 [Note] Shutting down plugin 'INNODB_SYS_DATAFILES'
2018-12-19T22:59:37.531050Z 0 [Note] Shutting down plugin 'INNODB_SYS_TABLESPACES'
2018-12-19T22:59:37.531743Z 0 [Note] Shutting down plugin 'INNODB_SYS_FOREIGN_COLS'
2018-12-19T22:59:37.532313Z 0 [Note] Shutting down plugin 'INNODB_SYS_FOREIGN'
2018-12-19T22:59:37.533241Z 0 [Note] Shutting down plugin 'INNODB_SYS_FIELDS'
2018-12-19T22:59:37.534277Z 0 [Note] Shutting down plugin 'INNODB_SYS_COLUMNS'
2018-12-19T22:59:37.535519Z 0 [Note] Shutting down plugin 'INNODB_SYS_INDEXES'
2018-12-19T22:59:37.536447Z 0 [Note] Shutting down plugin 'INNODB_SYS_TABLESTATS'
2018-12-19T22:59:37.537429Z 0 [Note] Shutting down plugin 'INNODB_SYS_TABLES'
2018-12-19T22:59:37.538115Z 0 [Note] Shutting down plugin 'INNODB_FT_INDEX_TABLE'
2018-12-19T22:59:37.538616Z 0 [Note] Shutting down plugin 'INNODB_FT_INDEX_CACHE'
2018-12-19T22:59:37.539112Z 0 [Note] Shutting down plugin 'INNODB_FT_CONFIG'
2018-12-19T22:59:37.539606Z 0 [Note] Shutting down plugin 'INNODB_FT_BEING_DELETED'
2018-12-19T22:59:37.540109Z 0 [Note] Shutting down plugin 'INNODB_FT_DELETED'
2018-12-19T22:59:37.540648Z 0 [Note] Shutting down plugin 'INNODB_FT_DEFAULT_STOPWORD'
2018-12-19T22:59:37.541360Z 0 [Note] Shutting down plugin 'INNODB_METRICS'
2018-12-19T22:59:37.542067Z 0 [Note] Shutting down plugin 'INNODB_TEMP_TABLE_INFO'
2018-12-19T22:59:37.542846Z 0 [Note] Shutting down plugin 'INNODB_BUFFER_POOL_STATS'
2018-12-19T22:59:37.543550Z 0 [Note] Shutting down plugin 'INNODB_BUFFER_PAGE_LRU'
2018-12-19T22:59:37.544256Z 0 [Note] Shutting down plugin 'INNODB_BUFFER_PAGE'
2018-12-19T22:59:37.545122Z 0 [Note] Shutting down plugin 'INNODB_CMP_PER_INDEX_RESET'
2018-12-19T22:59:37.545826Z 0 [Note] Shutting down plugin 'INNODB_CMP_PER_INDEX'
2018-12-19T22:59:37.546529Z 0 [Note] Shutting down plugin 'INNODB_CMPMEM_RESET'
2018-12-19T22:59:37.547074Z 0 [Note] Shutting down plugin 'INNODB_CMPMEM'
2018-12-19T22:59:37.547570Z 0 [Note] Shutting down plugin 'INNODB_CMP_RESET'
2018-12-19T22:59:37.548254Z 0 [Note] Shutting down plugin 'INNODB_CMP'
2018-12-19T22:59:37.549054Z 0 [Note] Shutting down plugin 'INNODB_LOCK_WAITS'
2018-12-19T22:59:37.550179Z 0 [Note] Shutting down plugin 'INNODB_LOCKS'
2018-12-19T22:59:37.551810Z 0 [Note] Shutting down plugin 'INNODB_TRX'
2018-12-19T22:59:37.553192Z 0 [Note] Shutting down plugin 'InnoDB'
2018-12-19T22:59:37.554632Z 0 [Note] InnoDB: FTS optimize thread exiting.
2018-12-19T22:59:37.555791Z 0 [Note] InnoDB: Starting shutdown...
2018-12-19T22:59:37.657427Z 0 [Note] InnoDB: Dumping buffer pool(s) to /var/lib/mysql/ib_buffer_pool
2018-12-19T22:59:37.658443Z 0 [Note] InnoDB: Buffer pool(s) dump completed at 181219 22:59:37
2018-12-19T22:59:38.945365Z 0 [Note] InnoDB: Shutdown completed; log sequence number 3518858
2018-12-19T22:59:38.952193Z 0 [Note] InnoDB: Removed temporary tablespace data file: "ibtmp1"
2018-12-19T22:59:38.953277Z 0 [Note] Shutting down plugin 'MEMORY'
2018-12-19T22:59:38.954077Z 0 [Note] Shutting down plugin 'CSV'
2018-12-19T22:59:38.954796Z 0 [Note] Shutting down plugin 'sha256_password'
2018-12-19T22:59:38.955590Z 0 [Note] Shutting down plugin 'mysql_native_password'
2018-12-19T22:59:38.956280Z 0 [Note] Shutting down plugin 'binlog'
2018-12-19T22:59:38.957127Z 0 [Note] /usr/sbin/mysqld: Shutdown complete

2018-12-19T22:59:41.959356Z 0 [Warning] TIMESTAMP with implicit DEFAULT value is deprecated. Please use --explicit_defaults_for_timestamp server option (see documentation for more details).
2018-12-19T22:59:41.959943Z 0 [Note] /usr/sbin/mysqld (mysqld 5.7.23) starting as process 385 ...
2018-12-19T22:59:41.991823Z 0 [Note] InnoDB: PUNCH HOLE support available
2018-12-19T22:59:41.992746Z 0 [Note] InnoDB: Mutexes and rw_locks use GCC atomic builtins
2018-12-19T22:59:41.993588Z 0 [Note] InnoDB: Uses event mutexes
2018-12-19T22:59:41.994190Z 0 [Note] InnoDB: GCC builtin __atomic_thread_fence() is used for memory barrier
2018-12-19T22:59:41.994865Z 0 [Note] InnoDB: Compressed tables use zlib 1.2.3
2018-12-19T22:59:41.995728Z 0 [Note] InnoDB: Using Linux native AIO
2018-12-19T22:59:41.997959Z 0 [Note] InnoDB: Number of pools: 1
2018-12-19T22:59:42.001520Z 0 [Note] InnoDB: Using CPU crc32 instructions
2018-12-19T22:59:42.009759Z 0 [Note] InnoDB: Initializing buffer pool, total size = 32M, instances = 1, chunk size = 32M
2018-12-19T22:59:42.022716Z 0 [Note] InnoDB: Completed initialization of buffer pool
2018-12-19T22:59:42.025884Z 0 [Note] InnoDB: If the mysqld execution user is authorized, page cleaner thread priority can be changed. See the man page of setpriority().
2018-12-19T22:59:42.060184Z 0 [Note] InnoDB: Highest supported file format is Barracuda.
2018-12-19T22:59:42.180334Z 0 [Note] InnoDB: Creating shared tablespace for temporary tables
2018-12-19T22:59:42.182403Z 0 [Note] InnoDB: Setting file './ibtmp1' size to 12 MB. Physically writing the file full; Please wait ...
2018-12-19T22:59:42.357447Z 0 [Note] InnoDB: File './ibtmp1' size is now 12 MB.
2018-12-19T22:59:42.359329Z 0 [Note] InnoDB: 96 redo rollback segment(s) found. 96 redo rollback segment(s) are active.
2018-12-19T22:59:42.360104Z 0 [Note] InnoDB: 32 non-redo rollback segment(s) are active.
2018-12-19T22:59:42.365268Z 0 [Note] InnoDB: Waiting for purge to start
2018-12-19T22:59:42.418361Z 0 [Note] InnoDB: 5.7.23 started; log sequence number 3518858
2018-12-19T22:59:42.420625Z 0 [Note] Plugin 'FEDERATED' is disabled.
2018-12-19T22:59:42.425307Z 0 [Warning] Failed to set up SSL because of the following SSL library error: SSL context is not usable without certificate and private key
2018-12-19T22:59:42.426075Z 0 [Note] Server hostname (bind-address): '*'; port: 3306
2018-12-19T22:59:42.426789Z 0 [Note] IPv6 is available.
2018-12-19T22:59:42.427759Z 0 [Note]   - '::' resolves to '::';
2018-12-19T22:59:42.438641Z 0 [Note] InnoDB: Loading buffer pool(s) from /var/lib/mysql/ib_buffer_pool
2018-12-19T22:59:42.438938Z 0 [Note] Server socket created on IP: '::'.
2018-12-19T22:59:42.456488Z 0 [Note] InnoDB: Buffer pool(s) load completed at 181219 22:59:42
2018-12-19T22:59:42.465493Z 0 [Warning] Insecure configuration for --pid-file: Location '/var/run/mysqld' in the path is accessible to all OS users. Consider choosing a different directory.
2018-12-19T22:59:42.529863Z 0 [Warning] 'user' entry 'root@localhost' ignored in --skip-name-resolve mode.
2018-12-19T22:59:42.531441Z 0 [Warning] 'user' entry 'mysql.session@localhost' ignored in --skip-name-resolve mode.
2018-12-19T22:59:42.533359Z 0 [Warning] 'user' entry 'mysql.sys@localhost' ignored in --skip-name-resolve mode.
2018-12-19T22:59:42.543848Z 0 [Warning] 'db' entry 'performance_schema mysql.session@localhost' ignored in --skip-name-resolve mode.
2018-12-19T22:59:42.544805Z 0 [Warning] 'db' entry 'sys mysql.sys@localhost' ignored in --skip-name-resolve mode.
2018-12-19T22:59:42.547878Z 0 [Warning] 'proxies_priv' entry '@ root@localhost' ignored in --skip-name-resolve mode.
2018-12-19T22:59:42.588885Z 0 [Warning] 'tables_priv' entry 'user mysql.session@localhost' ignored in --skip-name-resolve mode.
2018-12-19T22:59:42.590304Z 0 [Warning] 'tables_priv' entry 'sys_config mysql.sys@localhost' ignored in --skip-name-resolve mode.
2018-12-19T22:59:42.979250Z 0 [Note] Event Scheduler: Loaded 0 events
2018-12-19T22:59:42.981176Z 0 [Note] /usr/sbin/mysqld: ready for connections.
Version: '5.7.23'  socket: '/var/run/mysqld/mysqld.sock'  port: 3306  MySQL Community Server (GPL)
2018-12-20T00:40:36.792990Z 179 [ERROR] /usr/sbin/mysqld: Table './mysql/proc' is marked as crashed and should be repaired
2018-12-20T00:40:39.201450Z 0 [Note] Giving 0 client threads a chance to die gracefully
2018-12-20T00:40:39.226226Z 0 [Note] Shutting down slave threads
2018-12-20T00:40:39.227165Z 0 [Note] Forcefully disconnecting 0 remaining clients
2018-12-20T00:40:39.239286Z 0 [Note] Event Scheduler: Purging the queue. 0 events
2018-12-20T00:40:39.242032Z 0 [Note] Binlog end
2018-12-20T00:40:39.246849Z 0 [Note] Shutting down plugin 'ngram'
2018-12-20T00:40:39.248153Z 0 [Note] Shutting down plugin 'partition'
2018-12-20T00:40:39.249048Z 0 [Note] Shutting down plugin 'BLACKHOLE'
2018-12-20T00:40:39.249987Z 0 [Note] Shutting down plugin 'ARCHIVE'
2018-12-20T00:40:39.251399Z 0 [Note] Shutting down plugin 'PERFORMANCE_SCHEMA'
2018-12-20T00:40:39.252946Z 0 [Note] Shutting down plugin 'MRG_MYISAM'
2018-12-20T00:40:39.253949Z 0 [Note] Shutting down plugin 'MyISAM'
2018-12-20T00:40:39.255149Z 0 [Note] Shutting down plugin 'INNODB_SYS_VIRTUAL'
2018-12-20T00:40:39.255892Z 0 [Note] Shutting down plugin 'INNODB_SYS_DATAFILES'
2018-12-20T00:40:39.256798Z 0 [Note] Shutting down plugin 'INNODB_SYS_TABLESPACES'
2018-12-20T00:40:39.257721Z 0 [Note] Shutting down plugin 'INNODB_SYS_FOREIGN_COLS'
2018-12-20T00:40:39.261540Z 0 [Note] Shutting down plugin 'INNODB_SYS_FOREIGN'
2018-12-20T00:40:39.269707Z 0 [Note] Shutting down plugin 'INNODB_SYS_FIELDS'
2018-12-20T00:40:39.270696Z 0 [Note] Shutting down plugin 'INNODB_SYS_COLUMNS'
2018-12-20T00:40:39.272403Z 0 [Note] Shutting down plugin 'INNODB_SYS_INDEXES'
2018-12-20T00:40:39.297085Z 0 [Note] Shutting down plugin 'INNODB_SYS_TABLESTATS'
2018-12-20T00:40:39.301875Z 0 [Note] Shutting down plugin 'INNODB_SYS_TABLES'
2018-12-20T00:40:39.305081Z 0 [Note] Shutting down plugin 'INNODB_FT_INDEX_TABLE'
2018-12-20T00:40:39.307041Z 0 [Note] Shutting down plugin 'INNODB_FT_INDEX_CACHE'
2018-12-20T00:40:39.309879Z 0 [Note] Shutting down plugin 'INNODB_FT_CONFIG'
2018-12-20T00:40:39.310901Z 0 [Note] Shutting down plugin 'INNODB_FT_BEING_DELETED'
2018-12-20T00:40:39.311639Z 0 [Note] Shutting down plugin 'INNODB_FT_DELETED'
2018-12-20T00:40:39.312311Z 0 [Note] Shutting down plugin 'INNODB_FT_DEFAULT_STOPWORD'
2018-12-20T00:40:39.313033Z 0 [Note] Shutting down plugin 'INNODB_METRICS'
2018-12-20T00:40:39.314035Z 0 [Note] Shutting down plugin 'INNODB_TEMP_TABLE_INFO'
2018-12-20T00:40:39.316336Z 0 [Note] Shutting down plugin 'INNODB_BUFFER_POOL_STATS'
2018-12-20T00:40:39.340200Z 0 [Note] Shutting down plugin 'INNODB_BUFFER_PAGE_LRU'
2018-12-20T00:40:39.341714Z 0 [Note] Shutting down plugin 'INNODB_BUFFER_PAGE'
2018-12-20T00:40:39.342809Z 0 [Note] Shutting down plugin 'INNODB_CMP_PER_INDEX_RESET'
2018-12-20T00:40:39.343885Z 0 [Note] Shutting down plugin 'INNODB_CMP_PER_INDEX'
2018-12-20T00:40:39.344923Z 0 [Note] Shutting down plugin 'INNODB_CMPMEM_RESET'
2018-12-20T00:40:39.345981Z 0 [Note] Shutting down plugin 'INNODB_CMPMEM'
2018-12-20T00:40:39.346858Z 0 [Note] Shutting down plugin 'INNODB_CMP_RESET'
2018-12-20T00:40:39.347626Z 0 [Note] Shutting down plugin 'INNODB_CMP'
2018-12-20T00:40:39.351881Z 0 [Note] Shutting down plugin 'INNODB_LOCK_WAITS'
2018-12-20T00:40:39.353066Z 0 [Note] Shutting down plugin 'INNODB_LOCKS'
2018-12-20T00:40:39.354899Z 0 [Note] Shutting down plugin 'INNODB_TRX'
2018-12-20T00:40:39.357269Z 0 [Note] Shutting down plugin 'InnoDB'
2018-12-20T00:40:39.360382Z 0 [Note] InnoDB: FTS optimize thread exiting.
2018-12-20T00:40:39.364441Z 0 [Note] InnoDB: Starting shutdown...
2018-12-20T00:40:39.469236Z 0 [Note] InnoDB: Dumping buffer pool(s) to /var/lib/mysql/ib_buffer_pool
2018-12-20T00:40:39.470715Z 0 [Note] InnoDB: Buffer pool(s) dump completed at 181220  0:40:39
2018-12-20T00:40:40.388456Z 0 [Note] InnoDB: Shutdown completed; log sequence number 4243800
2018-12-20T00:40:40.391651Z 0 [Note] InnoDB: Removed temporary tablespace data file: "ibtmp1"
2018-12-20T00:40:40.392336Z 0 [Note] Shutting down plugin 'MEMORY'
2018-12-20T00:40:40.393052Z 0 [Note] Shutting down plugin 'CSV'
2018-12-20T00:40:40.393707Z 0 [Note] Shutting down plugin 'sha256_password'
2018-12-20T00:40:40.394369Z 0 [Note] Shutting down plugin 'mysql_native_password'
2018-12-20T00:40:40.395275Z 0 [Note] Shutting down plugin 'binlog'
2018-12-20T00:40:40.396443Z 0 [Note] /usr/sbin/mysqld: Shutdown complete

2018-12-21T21:07:39.597394Z 0 [Warning] TIMESTAMP with implicit DEFAULT value is deprecated. Please use --explicit_defaults_for_timestamp server option (see documentation for more details).
2018-12-21T21:07:39.643977Z 0 [Note] /usr/sbin/mysqld (mysqld 5.7.23) starting as process 81 ...
2018-12-21T21:07:39.872579Z 0 [Note] InnoDB: PUNCH HOLE support available
2018-12-21T21:07:39.873209Z 0 [Note] InnoDB: Mutexes and rw_locks use GCC atomic builtins
2018-12-21T21:07:39.873990Z 0 [Note] InnoDB: Uses event mutexes
2018-12-21T21:07:39.874555Z 0 [Note] InnoDB: GCC builtin __atomic_thread_fence() is used for memory barrier
2018-12-21T21:07:39.875213Z 0 [Note] InnoDB: Compressed tables use zlib 1.2.3
2018-12-21T21:07:39.875883Z 0 [Note] InnoDB: Using Linux native AIO
2018-12-21T21:07:39.883410Z 0 [Note] InnoDB: Number of pools: 1
2018-12-21T21:07:39.910541Z 0 [Note] InnoDB: Using CPU crc32 instructions
2018-12-21T21:07:39.918969Z 0 [Note] InnoDB: Initializing buffer pool, total size = 32M, instances = 1, chunk size = 32M
2018-12-21T21:07:39.934423Z 0 [Note] InnoDB: Completed initialization of buffer pool
2018-12-21T21:07:39.955015Z 0 [Note] InnoDB: If the mysqld execution user is authorized, page cleaner thread priority can be changed. See the man page of setpriority().
2018-12-21T21:07:40.101330Z 0 [Note] InnoDB: Highest supported file format is Barracuda.
2018-12-21T21:07:40.417385Z 0 [Note] InnoDB: Creating shared tablespace for temporary tables
2018-12-21T21:07:40.418555Z 0 [Note] InnoDB: Setting file './ibtmp1' size to 12 MB. Physically writing the file full; Please wait ...
2018-12-21T21:07:40.561895Z 0 [Note] InnoDB: File './ibtmp1' size is now 12 MB.
2018-12-21T21:07:40.563601Z 0 [Note] InnoDB: 96 redo rollback segment(s) found. 96 redo rollback segment(s) are active.
2018-12-21T21:07:40.564514Z 0 [Note] InnoDB: 32 non-redo rollback segment(s) are active.
2018-12-21T21:07:40.575752Z 0 [Note] InnoDB: Waiting for purge to start
2018-12-21T21:07:40.627495Z 0 [Note] InnoDB: 5.7.23 started; log sequence number 4243800
2018-12-21T21:07:40.638876Z 0 [Note] Plugin 'FEDERATED' is disabled.
2018-12-21T21:07:40.639240Z 0 [Note] InnoDB: Loading buffer pool(s) from /var/lib/mysql/ib_buffer_pool
2018-12-21T21:07:40.772989Z 0 [Warning] Failed to set up SSL because of the following SSL library error: SSL context is not usable without certificate and private key
2018-12-21T21:07:40.774481Z 0 [Note] Server hostname (bind-address): '*'; port: 3306
2018-12-21T21:07:40.776849Z 0 [Note] IPv6 is available.
2018-12-21T21:07:40.779414Z 0 [Note]   - '::' resolves to '::';
2018-12-21T21:07:40.788916Z 0 [Note] Server socket created on IP: '::'.
2018-12-21T21:07:40.846444Z 0 [Warning] Insecure configuration for --pid-file: Location '/var/run/mysqld' in the path is accessible to all OS users. Consider choosing a different directory.
2018-12-21T21:07:40.947278Z 0 [Warning] 'user' entry 'root@localhost' ignored in --skip-name-resolve mode.
2018-12-21T21:07:40.948180Z 0 [Warning] 'user' entry 'mysql.session@localhost' ignored in --skip-name-resolve mode.
2018-12-21T21:07:40.948897Z 0 [Warning] 'user' entry 'mysql.sys@localhost' ignored in --skip-name-resolve mode.
2018-12-21T21:07:40.963303Z 0 [Warning] 'db' entry 'performance_schema mysql.session@localhost' ignored in --skip-name-resolve mode.
2018-12-21T21:07:40.964806Z 0 [Warning] 'db' entry 'sys mysql.sys@localhost' ignored in --skip-name-resolve mode.
2018-12-21T21:07:40.968933Z 0 [Warning] 'proxies_priv' entry '@ root@localhost' ignored in --skip-name-resolve mode.
2018-12-21T21:07:41.002169Z 0 [Note] InnoDB: Buffer pool(s) load completed at 181221 21:07:40
2018-12-21T21:07:41.065986Z 0 [Warning] 'tables_priv' entry 'user mysql.session@localhost' ignored in --skip-name-resolve mode.
2018-12-21T21:07:41.067197Z 0 [Warning] 'tables_priv' entry 'sys_config mysql.sys@localhost' ignored in --skip-name-resolve mode.
2018-12-21T21:07:41.231129Z 0 [Note] Event Scheduler: Loaded 0 events
2018-12-21T21:07:41.239747Z 0 [Note] /usr/sbin/mysqld: ready for connections.
Version: '5.7.23'  socket: '/var/run/mysqld/mysqld.sock'  port: 3306  MySQL Community Server (GPL)
