Jan 15 2019 22:31:40
{"type":2,"message":"unlink(\/app\/public\/wp-content\/temp-write-test-1547591500): Text file busy","file":"\/app\/public\/wp-admin\/includes\/file.php","line":1494}

Jan 15 2019 22:32:14
{"Number":2,"Message":"unlink(\/app\/public\/wp-content\/plugins\/all-in-one-wp-migration\/storage\/6s614a2ftyxy\/filemap.list): Text file busy","File":"\/app\/public\/wp-content\/plugins\/all-in-one-wp-migration\/lib\/vendor\/servmask\/filesystem\/class-ai1wm-directory.php","Line":56}

Jan 15 2019 22:32:14
{"Number":2,"Message":"rmdir(\/app\/public\/wp-content\/plugins\/all-in-one-wp-migration\/storage\/6s614a2ftyxy): Directory not empty","File":"\/app\/public\/wp-content\/plugins\/all-in-one-wp-migration\/lib\/vendor\/servmask\/filesystem\/class-ai1wm-directory.php","Line":60}

Jan 15 2019 22:32:34
{"Number":2,"Message":"unlink(\/app\/public\/wp-content\/plugins\/all-in-one-wp-migration\/storage\/6s614a2ftyxy\/filemap.list): Text file busy","File":"\/app\/public\/wp-content\/plugins\/all-in-one-wp-migration\/lib\/vendor\/servmask\/filesystem\/class-ai1wm-directory.php","Line":56}

Jan 15 2019 22:32:34
{"Number":2,"Message":"unlink(\/app\/public\/wp-content\/plugins\/all-in-one-wp-migration\/storage\/6s614a2ftyxy\/filemap.list): Text file busy","File":"\/app\/public\/wp-content\/plugins\/all-in-one-wp-migration\/lib\/vendor\/servmask\/filesystem\/class-ai1wm-directory.php","Line":56}

Jan 15 2019 22:32:34
{"Number":2,"Message":"rmdir(\/app\/public\/wp-content\/plugins\/all-in-one-wp-migration\/storage\/6s614a2ftyxy): Directory not empty","File":"\/app\/public\/wp-content\/plugins\/all-in-one-wp-migration\/lib\/vendor\/servmask\/filesystem\/class-ai1wm-directory.php","Line":60}

Jan 15 2019 22:32:34
{"Number":2,"Message":"unlink(\/app\/public\/wp-content\/plugins\/all-in-one-wp-migration\/storage\/6s614a2ftyxy\/filemap.list): Text file busy","File":"\/app\/public\/wp-content\/plugins\/all-in-one-wp-migration\/lib\/vendor\/servmask\/filesystem\/class-ai1wm-directory.php","Line":56}

Jan 15 2019 22:32:34
{"Number":2,"Message":"rmdir(\/app\/public\/wp-content\/plugins\/all-in-one-wp-migration\/storage\/6s614a2ftyxy): Directory not empty","File":"\/app\/public\/wp-content\/plugins\/all-in-one-wp-migration\/lib\/vendor\/servmask\/filesystem\/class-ai1wm-directory.php","Line":60}

Jan 15 2019 22:32:34
{"Number":2,"Message":"unlink(\/app\/public\/wp-content\/plugins\/all-in-one-wp-migration\/storage\/6s614a2ftyxy\/filemap.list): Text file busy","File":"\/app\/public\/wp-content\/plugins\/all-in-one-wp-migration\/lib\/vendor\/servmask\/filesystem\/class-ai1wm-directory.php","Line":56}

Jan 15 2019 22:32:34
{"type":2,"message":"unlink(\/app\/public\/wp-content\/temp-write-test-1547591554): Text file busy","file":"\/app\/public\/wp-admin\/includes\/file.php","line":1494}

Jan 15 2019 22:32:34
{"Number":2,"Message":"rmdir(\/app\/public\/wp-content\/plugins\/all-in-one-wp-migration\/storage\/6s614a2ftyxy): Directory not empty","File":"\/app\/public\/wp-content\/plugins\/all-in-one-wp-migration\/lib\/vendor\/servmask\/filesystem\/class-ai1wm-directory.php","Line":60}

Jan 15 2019 22:32:34
{"type":2,"message":"unlink(\/app\/public\/wp-content\/temp-write-test-1547591554): Text file busy","file":"\/app\/public\/wp-admin\/includes\/file.php","line":1494}

Jan 15 2019 22:32:34
{"type":2,"message":"unlink(\/app\/public\/wp-content\/temp-write-test-1547591553): No such file or directory","file":"\/app\/public\/wp-admin\/includes\/file.php","line":1494}

Jan 15 2019 22:32:34
{"Number":2,"Message":"rmdir(\/app\/public\/wp-content\/plugins\/all-in-one-wp-migration\/storage\/6s614a2ftyxy): Directory not empty","File":"\/app\/public\/wp-content\/plugins\/all-in-one-wp-migration\/lib\/vendor\/servmask\/filesystem\/class-ai1wm-directory.php","Line":60}

Jan 15 2019 22:32:34
{"type":2,"message":"unlink(\/app\/public\/wp-content\/temp-write-test-1547591554): No such file or directory","file":"\/app\/public\/wp-admin\/includes\/file.php","line":1494}

Jan 15 2019 22:33:42
{"type":2,"message":"unlink(\/app\/public\/wp-content\/temp-write-test-1547591521): Text file busy","file":"\/app\/public\/wp-admin\/includes\/file.php","line":1494}

Jan 15 2019 22:37:34
{"type":2,"message":"unlink(\/app\/public\/wp-content\/temp-write-test-1547591854): Text file busy","file":"\/app\/public\/wp-admin\/includes\/file.php","line":1494}

Jan 15 2019 22:39:23
{"type":2,"message":"unlink(\/app\/public\/wp-content\/temp-write-test-1547591875): Text file busy","file":"\/app\/public\/wp-admin\/includes\/file.php","line":1494}

Jan 15 2019 22:39:40
{"type":2,"message":"unlink(\/app\/public\/wp-content\/temp-write-test-1547591970): Text file busy","file":"\/app\/public\/wp-admin\/includes\/file.php","line":1494}

Jan 15 2019 22:41:41
{"type":2,"message":"unlink(\/app\/public\/wp-content\/temp-write-test-1547592091): Text file busy","file":"\/app\/public\/wp-admin\/includes\/file.php","line":1494}

Jan 15 2019 22:43:04
{"type":2,"message":"unlink(\/app\/public\/wp-content\/temp-write-test-1547592174): Text file busy","file":"\/app\/public\/wp-admin\/includes\/file.php","line":1494}

Jan 15 2019 22:43:37
{"type":2,"message":"unlink(\/app\/public\/wp-content\/temp-write-test-1547592207): Text file busy","file":"\/app\/public\/wp-admin\/includes\/file.php","line":1494}

Jan 15 2019 22:44:11
{"type":2,"message":"unlink(\/app\/public\/wp-content\/temp-write-test-1547592241): Text file busy","file":"\/app\/public\/wp-admin\/includes\/file.php","line":1494}

Jan 15 2019 22:45:01
{"type":2,"message":"unlink(\/app\/public\/wp-content\/temp-write-test-1547592291): Text file busy","file":"\/app\/public\/wp-admin\/includes\/file.php","line":1494}

Jan 15 2019 22:45:35
{"type":2,"message":"unlink(\/app\/public\/wp-content\/temp-write-test-1547592325): Text file busy","file":"\/app\/public\/wp-admin\/includes\/file.php","line":1494}

Jan 15 2019 22:46:12
{"type":2,"message":"unlink(\/app\/public\/wp-content\/temp-write-test-1547592361): Text file busy","file":"\/app\/public\/wp-admin\/includes\/file.php","line":1494}

Jan 15 2019 22:46:45
{"type":2,"message":"unlink(\/app\/public\/wp-content\/temp-write-test-1547592395): Text file busy","file":"\/app\/public\/wp-admin\/includes\/file.php","line":1494}

Jan 15 2019 22:47:17
{"type":2,"message":"unlink(\/app\/public\/wp-content\/temp-write-test-1547592427): Text file busy","file":"\/app\/public\/wp-admin\/includes\/file.php","line":1494}

Jan 15 2019 22:48:36
{"type":2,"message":"unlink(\/app\/public\/wp-content\/temp-write-test-1547592506): Text file busy","file":"\/app\/public\/wp-admin\/includes\/file.php","line":1494}

Jan 15 2019 22:49:25
{"type":2,"message":"unlink(\/app\/public\/wp-content\/temp-write-test-1547592564): Text file busy","file":"\/app\/public\/wp-admin\/includes\/file.php","line":1494}

Jan 15 2019 22:49:37
{"type":2,"message":"unlink(\/app\/public\/wp-content\/temp-write-test-1547592577): Text file busy","file":"\/app\/public\/wp-admin\/includes\/file.php","line":1494}

Jan 15 2019 22:49:47
{"type":2,"message":"unlink(\/app\/public\/wp-content\/temp-write-test-1547592587): Text file busy","file":"\/app\/public\/wp-admin\/includes\/file.php","line":1494}

Jan 15 2019 23:01:28
{"type":2,"message":"unlink(\/app\/public\/wp-content\/temp-write-test-1547593288): Text file busy","file":"\/app\/public\/wp-admin\/includes\/file.php","line":1494}

Jan 15 2019 23:04:32
{"type":2,"message":"unlink(\/app\/public\/wp-content\/temp-write-test-1547593462): Text file busy","file":"\/app\/public\/wp-admin\/includes\/file.php","line":1494}

Jan 15 2019 23:05:38
{"type":2,"message":"unlink(\/app\/public\/wp-content\/temp-write-test-1547593528): Text file busy","file":"\/app\/public\/wp-admin\/includes\/file.php","line":1494}

Jan 15 2019 23:06:11
{"type":2,"message":"unlink(\/app\/public\/wp-content\/temp-write-test-1547593559): Text file busy","file":"\/app\/public\/wp-admin\/includes\/file.php","line":1494}

Jan 15 2019 23:06:43
{"type":2,"message":"unlink(\/app\/public\/wp-content\/temp-write-test-1547593593): Text file busy","file":"\/app\/public\/wp-admin\/includes\/file.php","line":1494}

Jan 15 2019 23:11:36
{"type":2,"message":"unlink(\/app\/public\/wp-content\/temp-write-test-1547593887): Text file busy","file":"\/app\/public\/wp-admin\/includes\/file.php","line":1494}

